{
  "stats": {
    "suites": 1,
    "tests": 5,
    "passes": 5,
    "pending": 0,
    "failures": 0,
    "start": "2022-09-18T11:48:19.271Z",
    "end": "2022-09-18T11:48:22.747Z",
    "duration": 3476,
    "testsRegistered": 5,
    "passPercent": 100,
    "pendingPercent": 0,
    "other": 0,
    "hasOther": false,
    "skipped": 0,
    "hasSkipped": false
  },
  "results": [
    {
      "uuid": "e21b4389-736f-4611-82b4-f82f691f545c",
      "title": "",
      "fullFile": "/Users/dikshant.agarwal/Documents/POC/test/orders.spec.js",
      "file": "/test/orders.spec.js",
      "beforeHooks": [],
      "afterHooks": [],
      "tests": [],
      "suites": [
        {
          "uuid": "51da5115-3ed7-4539-9062-ff31c6ede1f1",
          "title": "Zoksh OrderCreation API Tests",
          "fullFile": "/Users/dikshant.agarwal/Documents/POC/test/orders.spec.js",
          "file": "/test/orders.spec.js",
          "beforeHooks": [
            {
              "title": "\"before each\" hook in \"Zoksh OrderCreation API Tests\"",
              "fullTitle": "Zoksh OrderCreation API Tests \"before each\" hook in \"Zoksh OrderCreation API Tests\"",
              "timedOut": false,
              "duration": 0,
              "state": null,
              "speed": null,
              "pass": false,
              "fail": false,
              "pending": false,
              "context": null,
              "code": "console.log(\"BeforeEach Hook started :\" + count)\n    StrpostBody = JSON.parse(JSON.stringify(order));\n    count = count + 1 ;\n    //console.log(\"Test Flag \" + count)\n      requestapi = {\n      url: '/v2/order',\n      method: 'POST',\n      body: StrpostBody[count - 1],\n      headers: {}\n  \n    };\n    //console.log(requestapi)\n    let authHeaders = generateRequestAuthHeaders(requestapi, apiAuth, versions);\n    zokshkey = authHeaders['zoksh-key'];\n    zokshts = authHeaders['zoksh-ts'];\n    zokshsign = authHeaders['zoksh-sign'];",
              "err": {},
              "uuid": "ff8e133f-4076-493e-b911-56f7dad25316",
              "parentUUID": "51da5115-3ed7-4539-9062-ff31c6ede1f1",
              "isHook": true,
              "skipped": false
            }
          ],
          "afterHooks": [],
          "tests": [
            {
              "title": "TC-01 : Token - NA : No Specified chain or currency",
              "fullTitle": "Zoksh OrderCreation API Tests TC-01 : Token - NA : No Specified chain or currency",
              "timedOut": false,
              "duration": 732,
              "state": "passed",
              "speed": "slow",
              "pass": true,
              "fail": false,
              "pending": false,
              "context": null,
              "code": "request(baseurl)\n.post(requestapi.url)\n.send(requestapi.body)\n.set('Accept', 'application/json')\n.set('Content-Type', 'application/json')\n.set('zoksh-key', zokshkey)\n.set('zoksh-ts', zokshts)\n.set('zoksh-sign', zokshsign)\n.end(function (err, res) {\n  if (err) {\n    throw err;\n  }\n  expect(res.statusCode).to.be.equal(200);\n  expect(res.body.orderId).to.be.not.null;\n  expect(res.body.url).to.be.not.null;\n  str_ordrId = res.body.orderId \n  //console.log(str_ordrId)\n  expect(res.body.url).contains(str_ordrId)\n  console.log(JSON.stringify(res.body));\n  done();\n});",
              "err": {},
              "uuid": "cef59f75-5323-4741-96d2-82fd626cc77d",
              "parentUUID": "51da5115-3ed7-4539-9062-ff31c6ede1f1",
              "isHook": false,
              "skipped": false
            },
            {
              "title": "TC-02 : Token - NA : Prefill - All Blank : No Specified chain or currency : Should successfully create a order",
              "fullTitle": "Zoksh OrderCreation API Tests TC-02 : Token - NA : Prefill - All Blank : No Specified chain or currency : Should successfully create a order",
              "timedOut": false,
              "duration": 668,
              "state": "passed",
              "speed": "slow",
              "pass": true,
              "fail": false,
              "pending": false,
              "context": null,
              "code": "request(baseurl)\n  .post(requestapi.url)\n  .send(requestapi.body)\n  .set('Accept', 'application/json')\n  .set('Content-Type', 'application/json')\n  .set('zoksh-key', zokshkey)\n  .set('zoksh-ts', zokshts)\n  .set('zoksh-sign', zokshsign)\n  .end(function (err, res) {\n    if (err) {\n      throw err;\n    }\n    expect(res.statusCode).to.be.equal(200);\n    expect(res.body.orderId).to.be.not.null;\n    expect(res.body.url).to.be.not.null;\n    str_ordrId = res.body.orderId \n    //console.log(str_ordrId)\n    expect(res.body.url).contains(str_ordrId)\n    console.log(JSON.stringify(res.body));\n    done();\n  });",
              "err": {},
              "uuid": "0576d910-8af0-4a13-bc0c-62dd56164227",
              "parentUUID": "51da5115-3ed7-4539-9062-ff31c6ede1f1",
              "isHook": false,
              "skipped": false
            },
            {
              "title": "TC-03 : Token - NA : Prefill - Phone, Email - Blank : No Specified chain or currency : Should successfully create a order",
              "fullTitle": "Zoksh OrderCreation API Tests TC-03 : Token - NA : Prefill - Phone, Email - Blank : No Specified chain or currency : Should successfully create a order",
              "timedOut": false,
              "duration": 692,
              "state": "passed",
              "speed": "slow",
              "pass": true,
              "fail": false,
              "pending": false,
              "context": null,
              "code": "request(baseurl)\n  .post(requestapi.url)\n  .send(requestapi.body)\n  .set('Accept', 'application/json')\n  .set('Content-Type', 'application/json')\n  .set('zoksh-key', zokshkey)\n  .set('zoksh-ts', zokshts)\n  .set('zoksh-sign', zokshsign)\n  .end(function (err, res) {\n    if (err) {\n      throw err;\n    }\n    expect(res.statusCode).to.be.equal(200);\n    expect(res.body.orderId).to.be.not.null;\n    expect(res.body.url).to.be.not.null;\n    str_ordrId = res.body.orderId \n    //console.log(str_ordrId)\n    expect(res.body.url).contains(str_ordrId)\n    console.log(JSON.stringify(res.body));\n    done();\n  });",
              "err": {},
              "uuid": "236600f8-3c19-4acb-9cb3-8a298ee2557f",
              "parentUUID": "51da5115-3ed7-4539-9062-ff31c6ede1f1",
              "isHook": false,
              "skipped": false
            },
            {
              "title": "TC-04 : Token - NA : Prefill - Name, Email - Blank : No Specified chain or currency : Should successfully create a order",
              "fullTitle": "Zoksh OrderCreation API Tests TC-04 : Token - NA : Prefill - Name, Email - Blank : No Specified chain or currency : Should successfully create a order",
              "timedOut": false,
              "duration": 683,
              "state": "passed",
              "speed": "slow",
              "pass": true,
              "fail": false,
              "pending": false,
              "context": null,
              "code": "request(baseurl)\n  .post(requestapi.url)\n  .send(requestapi.body)\n  .set('Accept', 'application/json')\n  .set('Content-Type', 'application/json')\n  .set('zoksh-key', zokshkey)\n  .set('zoksh-ts', zokshts)\n  .set('zoksh-sign', zokshsign)\n  .end(function (err, res) {\n    if (err) {\n      throw err;\n    }\n    expect(res.statusCode).to.be.equal(200);\n    expect(res.body.orderId).to.be.not.null;\n    expect(res.body.url).to.be.not.null;\n    str_ordrId = res.body.orderId \n    //console.log(str_ordrId)\n    expect(res.body.url).contains(str_ordrId)\n    console.log(JSON.stringify(res.body));\n    done();\n  });",
              "err": {},
              "uuid": "73914fd7-959a-4fc8-8e89-168a618de67f",
              "parentUUID": "51da5115-3ed7-4539-9062-ff31c6ede1f1",
              "isHook": false,
              "skipped": false
            },
            {
              "title": "TC-05 : Name,Phone,Amount - NA : No Specified chain or currency : Should successfully create a order",
              "fullTitle": "Zoksh OrderCreation API Tests TC-05 : Name,Phone,Amount - NA : No Specified chain or currency : Should successfully create a order",
              "timedOut": false,
              "duration": 683,
              "state": "passed",
              "speed": "slow",
              "pass": true,
              "fail": false,
              "pending": false,
              "context": null,
              "code": "request(baseurl)\n  .post(requestapi.url)\n  .send(requestapi.body)\n  .set('Accept', 'application/json')\n  .set('Content-Type', 'application/json')\n  .set('zoksh-key', zokshkey)\n  .set('zoksh-ts', zokshts)\n  .set('zoksh-sign', zokshsign)\n  .end(function (err, res) {\n    if (err) {\n      throw err;\n    }\n    expect(res.statusCode).to.be.equal(200);\n    expect(res.body.orderId).to.be.not.null;\n    expect(res.body.url).to.be.not.null;\n    str_ordrId = res.body.orderId \n    val_url = res.body.url\n    console.log(typeof(val_url))\n    console.log(typeof(str_ordrId))\n    //console.log(str_ordrId)\n    expect(res.body.url).contains(str_ordrId)\n    console.log(JSON.stringify(res.body));\n    done();\n  });",
              "err": {},
              "uuid": "e2fe25e6-8e25-4d7f-9f3c-cfbb9e5d7d69",
              "parentUUID": "51da5115-3ed7-4539-9062-ff31c6ede1f1",
              "isHook": false,
              "skipped": false
            }
          ],
          "suites": [],
          "passes": [
            "cef59f75-5323-4741-96d2-82fd626cc77d",
            "0576d910-8af0-4a13-bc0c-62dd56164227",
            "236600f8-3c19-4acb-9cb3-8a298ee2557f",
            "73914fd7-959a-4fc8-8e89-168a618de67f",
            "e2fe25e6-8e25-4d7f-9f3c-cfbb9e5d7d69"
          ],
          "failures": [],
          "pending": [],
          "skipped": [],
          "duration": 3458,
          "root": false,
          "rootEmpty": false,
          "_timeout": 2000
        }
      ],
      "passes": [],
      "failures": [],
      "pending": [],
      "skipped": [],
      "duration": 0,
      "root": true,
      "rootEmpty": true,
      "_timeout": 2000
    }
  ],
  "meta": {
    "mocha": {
      "version": "8.4.0"
    },
    "mochawesome": {
      "options": {
        "quiet": false,
        "reportFilename": "mochawesome",
        "saveHtml": true,
        "saveJson": true,
        "consoleReporter": "spec",
        "useInlineDiffs": false,
        "code": true
      },
      "version": "7.1.3"
    },
    "marge": {
      "options": null,
      "version": "6.2.0"
    }
  }
}