{
  "stats": {
    "suites": 4,
    "tests": 4,
    "passes": 4,
    "pending": 0,
    "failures": 0,
    "start": "2022-09-18T07:45:41.255Z",
    "end": "2022-09-18T07:45:44.028Z",
    "duration": 2773,
    "testsRegistered": 4,
    "passPercent": 100,
    "pendingPercent": 0,
    "other": 0,
    "hasOther": false,
    "skipped": 0,
    "hasSkipped": false
  },
  "results": [
    {
      "uuid": "3c212456-0e75-4170-a0ec-101c77260c25",
      "title": "",
      "fullFile": "",
      "file": "",
      "beforeHooks": [],
      "afterHooks": [],
      "tests": [],
      "suites": [
        {
          "uuid": "a04db77b-76ae-449a-ae26-0ff781acace2",
          "title": "Zoksh OrderCreation API Tests",
          "fullFile": "/Users/dikshant.agarwal/Documents/POC/test/TC01.spec.js",
          "file": "/test/TC01.spec.js",
          "beforeHooks": [
            {
              "title": "\"before all\" hook in \"Zoksh OrderCreation API Tests\"",
              "fullTitle": "Zoksh OrderCreation API Tests \"before all\" hook in \"Zoksh OrderCreation API Tests\"",
              "timedOut": false,
              "duration": 0,
              "state": null,
              "speed": null,
              "pass": false,
              "fail": false,
              "pending": false,
              "context": null,
              "code": "let authHeaders = generateRequestAuthHeaders(requestapi, apiAuth, versions);\n//? request.headers = {...request.headers, ...authHeaders}\nzokshkey = authHeaders['zoksh-key'];\nzokshts = authHeaders['zoksh-ts'];\nzokshsign = authHeaders['zoksh-sign'];",
              "err": {},
              "uuid": "14e1bcc1-4620-4f9d-9e39-827330b4d840",
              "parentUUID": "a04db77b-76ae-449a-ae26-0ff781acace2",
              "isHook": true,
              "skipped": false
            }
          ],
          "afterHooks": [],
          "tests": [
            {
              "title": "TC-01 : Token - NA : No Specified chain or currency : Should successfully create a order",
              "fullTitle": "Zoksh OrderCreation API Tests TC-01 : Token - NA : No Specified chain or currency : Should successfully create a order",
              "timedOut": false,
              "duration": 721,
              "state": "passed",
              "speed": "slow",
              "pass": true,
              "fail": false,
              "pending": false,
              "context": null,
              "code": "request(baseurl)\n  .post(requestapi.url)\n  //.get('/?order=62c764a3eed0eefdac0041b8?debug=true')\n  .send(order)\n  .set('Accept', 'application/json')\n  .set('Content-Type', 'application/json')\n  .set('zoksh-key', zokshkey)\n  .set('zoksh-ts', zokshts)\n  .set('zoksh-sign', zokshsign)\n  .end(function (err, res) {\n    if (err) {\n      throw err;\n    }\n    expect(res.statusCode).to.be.equal(200);\n    expect(res.body.orderId).to.be.not.null;\n    expect(res.body.url).to.be.not.null;\n    str_ordrId = res.body.orderId \n    console.log(str_ordrId)\n    expect(res.body.url).contains(str_ordrId)\n    console.log(JSON.stringify(res.body));\n    done();\n  });",
              "err": {},
              "uuid": "11861499-17c7-4cad-8251-35a5a27200d1",
              "parentUUID": "a04db77b-76ae-449a-ae26-0ff781acace2",
              "isHook": false,
              "skipped": false
            }
          ],
          "suites": [],
          "passes": [
            "11861499-17c7-4cad-8251-35a5a27200d1"
          ],
          "failures": [],
          "pending": [],
          "skipped": [],
          "duration": 721,
          "root": false,
          "rootEmpty": false,
          "_timeout": 2000
        },
        {
          "uuid": "836ae8bc-3394-4918-a8ba-2df41b3df474",
          "title": "Zoksh OrderCreation API Tests",
          "fullFile": "/Users/dikshant.agarwal/Documents/POC/test/TC02.spec.js",
          "file": "/test/TC02.spec.js",
          "beforeHooks": [
            {
              "title": "\"before all\" hook in \"Zoksh OrderCreation API Tests\"",
              "fullTitle": "Zoksh OrderCreation API Tests \"before all\" hook in \"Zoksh OrderCreation API Tests\"",
              "timedOut": false,
              "duration": 0,
              "state": null,
              "speed": null,
              "pass": false,
              "fail": false,
              "pending": false,
              "context": null,
              "code": "let authHeaders = generateRequestAuthHeaders(requestapi, apiAuth, versions);\n//? request.headers = {...request.headers, ...authHeaders}\nzokshkey = authHeaders['zoksh-key'];\nzokshts = authHeaders['zoksh-ts'];\nzokshsign = authHeaders['zoksh-sign'];",
              "err": {},
              "uuid": "6f636085-4415-473d-9aeb-b698a5b054d9",
              "parentUUID": "836ae8bc-3394-4918-a8ba-2df41b3df474",
              "isHook": true,
              "skipped": false
            }
          ],
          "afterHooks": [],
          "tests": [
            {
              "title": "TC-02 : Token - NA : Prefill - All Blank : No Specified chain or currency : Should successfully create a order",
              "fullTitle": "Zoksh OrderCreation API Tests TC-02 : Token - NA : Prefill - All Blank : No Specified chain or currency : Should successfully create a order",
              "timedOut": false,
              "duration": 676,
              "state": "passed",
              "speed": "slow",
              "pass": true,
              "fail": false,
              "pending": false,
              "context": null,
              "code": "request(baseurl)\n  .post(requestapi.url)\n  //.get('/?order=62c764a3eed0eefdac0041b8?debug=true')\n  .send(order)\n  .set('Accept', 'application/json')\n  .set('Content-Type', 'application/json')\n  .set('zoksh-key', zokshkey)\n  .set('zoksh-ts', zokshts)\n  .set('zoksh-sign', zokshsign)\n  .end(function (err, res) {\n    if (err) {\n      throw err;\n    }\n    expect(res.statusCode).to.be.equal(200);\n    expect(res.body.orderId).to.be.not.null;\n    expect(res.body.url).to.be.not.null;\n    str_ordrId = res.body.orderId \n    console.log(str_ordrId)\n    expect(res.body.url).contains(str_ordrId)\n    console.log(JSON.stringify(res.body));\n    done();\n  });",
              "err": {},
              "uuid": "be0abbcc-a83a-49e1-908b-5b92de551747",
              "parentUUID": "836ae8bc-3394-4918-a8ba-2df41b3df474",
              "isHook": false,
              "skipped": false
            }
          ],
          "suites": [],
          "passes": [
            "be0abbcc-a83a-49e1-908b-5b92de551747"
          ],
          "failures": [],
          "pending": [],
          "skipped": [],
          "duration": 676,
          "root": false,
          "rootEmpty": false,
          "_timeout": 2000
        },
        {
          "uuid": "13a843e4-2b34-4e8d-a542-8e8bf025ece6",
          "title": "Zoksh OrderCreation API Tests",
          "fullFile": "/Users/dikshant.agarwal/Documents/POC/test/TC03.spec.js",
          "file": "/test/TC03.spec.js",
          "beforeHooks": [
            {
              "title": "\"before all\" hook in \"Zoksh OrderCreation API Tests\"",
              "fullTitle": "Zoksh OrderCreation API Tests \"before all\" hook in \"Zoksh OrderCreation API Tests\"",
              "timedOut": false,
              "duration": 0,
              "state": null,
              "speed": null,
              "pass": false,
              "fail": false,
              "pending": false,
              "context": null,
              "code": "let authHeaders = generateRequestAuthHeaders(requestapi, apiAuth, versions);\n//? request.headers = {...request.headers, ...authHeaders}\nzokshkey = authHeaders['zoksh-key'];\nzokshts = authHeaders['zoksh-ts'];\nzokshsign = authHeaders['zoksh-sign'];",
              "err": {},
              "uuid": "f3b6cdb9-1ca5-49bc-8dd7-64101397cf13",
              "parentUUID": "13a843e4-2b34-4e8d-a542-8e8bf025ece6",
              "isHook": true,
              "skipped": false
            }
          ],
          "afterHooks": [],
          "tests": [
            {
              "title": "TC-03 : Token - NA : Prefill - Phone, Email - Blank : No Specified chain or currency",
              "fullTitle": "Zoksh OrderCreation API Tests TC-03 : Token - NA : Prefill - Phone, Email - Blank : No Specified chain or currency",
              "timedOut": false,
              "duration": 676,
              "state": "passed",
              "speed": "slow",
              "pass": true,
              "fail": false,
              "pending": false,
              "context": null,
              "code": "request(baseurl)\n  .post(requestapi.url)\n  //.get('/?order=62c764a3eed0eefdac0041b8?debug=true')\n  .send(order)\n  .set('Accept', 'application/json')\n  .set('Content-Type', 'application/json')\n  .set('zoksh-key', zokshkey)\n  .set('zoksh-ts', zokshts)\n  .set('zoksh-sign', zokshsign)\n  .end(function (err, res) {\n    if (err) {\n      throw err;\n    }\n    expect(res.statusCode).to.be.equal(200);\n    expect(res.body.orderId).to.be.not.null;\n    expect(res.body.url).to.be.not.null;\n    str_ordrId = res.body.orderId \n    console.log(str_ordrId)\n    expect(res.body.url).contains(str_ordrId)\n    console.log(JSON.stringify(res.body));\n    done();\n  });",
              "err": {},
              "uuid": "1d287f37-c594-44f3-89e4-c409d3c11ae2",
              "parentUUID": "13a843e4-2b34-4e8d-a542-8e8bf025ece6",
              "isHook": false,
              "skipped": false
            }
          ],
          "suites": [],
          "passes": [
            "1d287f37-c594-44f3-89e4-c409d3c11ae2"
          ],
          "failures": [],
          "pending": [],
          "skipped": [],
          "duration": 676,
          "root": false,
          "rootEmpty": false,
          "_timeout": 2000
        },
        {
          "uuid": "11494a52-38ce-4036-a8f1-60c09710f65e",
          "title": "Zoksh OrderCreation API Tests",
          "fullFile": "/Users/dikshant.agarwal/Documents/POC/test/TC04.spec.js",
          "file": "/test/TC04.spec.js",
          "beforeHooks": [
            {
              "title": "\"before all\" hook in \"Zoksh OrderCreation API Tests\"",
              "fullTitle": "Zoksh OrderCreation API Tests \"before all\" hook in \"Zoksh OrderCreation API Tests\"",
              "timedOut": false,
              "duration": 1,
              "state": null,
              "speed": null,
              "pass": false,
              "fail": false,
              "pending": false,
              "context": null,
              "code": "let authHeaders = generateRequestAuthHeaders(requestapi, apiAuth, versions);\n//? request.headers = {...request.headers, ...authHeaders}\nzokshkey = authHeaders['zoksh-key'];\nzokshts = authHeaders['zoksh-ts'];\nzokshsign = authHeaders['zoksh-sign'];",
              "err": {},
              "uuid": "5a4bcb88-5aa9-4f77-a1ad-fdc201f22f1f",
              "parentUUID": "11494a52-38ce-4036-a8f1-60c09710f65e",
              "isHook": true,
              "skipped": false
            }
          ],
          "afterHooks": [],
          "tests": [
            {
              "title": "TC-04 : Token - NA : Prefill - Name, Email - Blank : No Specified chain or currency",
              "fullTitle": "Zoksh OrderCreation API Tests TC-04 : Token - NA : Prefill - Name, Email - Blank : No Specified chain or currency",
              "timedOut": false,
              "duration": 686,
              "state": "passed",
              "speed": "slow",
              "pass": true,
              "fail": false,
              "pending": false,
              "context": null,
              "code": "request(baseurl)\n  .post(requestapi.url)\n  //.get('/?order=62c764a3eed0eefdac0041b8?debug=true')\n  .send(order)\n  .set('Accept', 'application/json')\n  .set('Content-Type', 'application/json')\n  .set('zoksh-key', zokshkey)\n  .set('zoksh-ts', zokshts)\n  .set('zoksh-sign', zokshsign)\n  .end(function (err, res) {\n    if (err) {\n      throw err;\n    }\n    expect(res.statusCode).to.be.equal(200);\n    expect(res.body.orderId).to.be.not.null;\n    expect(res.body.url).to.be.not.null;\n    str_ordrId = res.body.orderId \n    console.log(str_ordrId)\n    expect(res.body.url).contains(str_ordrId)\n    console.log(JSON.stringify(res.body));\n    done();\n  });",
              "err": {},
              "uuid": "209a30ef-a57d-416c-a8a6-7abac3bceb7b",
              "parentUUID": "11494a52-38ce-4036-a8f1-60c09710f65e",
              "isHook": false,
              "skipped": false
            }
          ],
          "suites": [],
          "passes": [
            "209a30ef-a57d-416c-a8a6-7abac3bceb7b"
          ],
          "failures": [],
          "pending": [],
          "skipped": [],
          "duration": 686,
          "root": false,
          "rootEmpty": false,
          "_timeout": 2000
        }
      ],
      "passes": [],
      "failures": [],
      "pending": [],
      "skipped": [],
      "duration": 0,
      "root": true,
      "rootEmpty": true,
      "_timeout": 2000
    }
  ],
  "meta": {
    "mocha": {
      "version": "8.4.0"
    },
    "mochawesome": {
      "options": {
        "quiet": false,
        "reportFilename": "mochawesome",
        "saveHtml": true,
        "saveJson": true,
        "consoleReporter": "spec",
        "useInlineDiffs": false,
        "code": true
      },
      "version": "7.1.3"
    },
    "marge": {
      "options": null,
      "version": "6.2.0"
    }
  }
}